Determining if the pthread_create exist failed with the following output:
Change Dir: /home/ramonoliveira/catkin_ws/build/CMakeFiles/CMakeTmp

Run Build Command:/usr/bin/make "cmTryCompileExec1152620800/fast"
/usr/bin/make -f CMakeFiles/cmTryCompileExec1152620800.dir/build.make CMakeFiles/cmTryCompileExec1152620800.dir/build
make[1]: Entrando no diretório `/home/ramonoliveira/catkin_ws/build/CMakeFiles/CMakeTmp'
/usr/bin/cmake -E cmake_progress_report /home/ramonoliveira/catkin_ws/build/CMakeFiles/CMakeTmp/CMakeFiles 1
Building C object CMakeFiles/cmTryCompileExec1152620800.dir/CheckSymbolExists.c.o
/usr/bin/cc    -o CMakeFiles/cmTryCompileExec1152620800.dir/CheckSymbolExists.c.o   -c /home/ramonoliveira/catkin_ws/build/CMakeFiles/CMakeTmp/CheckSymbolExists.c
Linking C executable cmTryCompileExec1152620800
/usr/bin/cmake -E cmake_link_script CMakeFiles/cmTryCompileExec1152620800.dir/link.txt --verbose=1
/usr/bin/cc       CMakeFiles/cmTryCompileExec1152620800.dir/CheckSymbolExists.c.o  -o cmTryCompileExec1152620800 -rdynamic 
CMakeFiles/cmTryCompileExec1152620800.dir/CheckSymbolExists.c.o: na função `main':
CheckSymbolExists.c:(.text+0x16): referência indefinida para `pthread_create'
collect2: error: ld returned 1 exit status
make[1]: ** [cmTryCompileExec1152620800] Erro 1
make[1]: Saindo do diretório `/home/ramonoliveira/catkin_ws/build/CMakeFiles/CMakeTmp'
make: ** [cmTryCompileExec1152620800/fast] Erro 2

File /home/ramonoliveira/catkin_ws/build/CMakeFiles/CMakeTmp/CheckSymbolExists.c:
/* */
#include <pthread.h>

int main(int argc, char** argv)
{
  (void)argv;
#ifndef pthread_create
  return ((int*)(&pthread_create))[argc];
#else
  (void)argc;
  return 0;
#endif
}

Determining if the function pthread_create exists in the pthreads failed with the following output:
Change Dir: /home/ramonoliveira/catkin_ws/build/CMakeFiles/CMakeTmp

Run Build Command:/usr/bin/make "cmTryCompileExec4229221445/fast"
/usr/bin/make -f CMakeFiles/cmTryCompileExec4229221445.dir/build.make CMakeFiles/cmTryCompileExec4229221445.dir/build
make[1]: Entrando no diretório `/home/ramonoliveira/catkin_ws/build/CMakeFiles/CMakeTmp'
/usr/bin/cmake -E cmake_progress_report /home/ramonoliveira/catkin_ws/build/CMakeFiles/CMakeTmp/CMakeFiles 1
Building C object CMakeFiles/cmTryCompileExec4229221445.dir/CheckFunctionExists.c.o
/usr/bin/cc   -DCHECK_FUNCTION_EXISTS=pthread_create   -o CMakeFiles/cmTryCompileExec4229221445.dir/CheckFunctionExists.c.o   -c /usr/share/cmake-2.8/Modules/CheckFunctionExists.c
Linking C executable cmTryCompileExec4229221445
/usr/bin/cmake -E cmake_link_script CMakeFiles/cmTryCompileExec4229221445.dir/link.txt --verbose=1
/usr/bin/cc   -DCHECK_FUNCTION_EXISTS=pthread_create    CMakeFiles/cmTryCompileExec4229221445.dir/CheckFunctionExists.c.o  -o cmTryCompileExec4229221445 -rdynamic -lpthreads 
/usr/bin/ld: não foi possível encontrar -lpthreads
collect2: error: ld returned 1 exit status
make[1]: ** [cmTryCompileExec4229221445] Erro 1
make[1]: Saindo do diretório `/home/ramonoliveira/catkin_ws/build/CMakeFiles/CMakeTmp'
make: ** [cmTryCompileExec4229221445/fast] Erro 2


Determining if the Q_WS_WIN exist failed with the following output:
Change Dir: /home/ramonoliveira/catkin_ws/build/CMakeFiles/CMakeTmp

Run Build Command:/usr/bin/make "cmTryCompileExec723602049/fast"
/usr/bin/make -f CMakeFiles/cmTryCompileExec723602049.dir/build.make CMakeFiles/cmTryCompileExec723602049.dir/build
make[1]: Entrando no diretório `/home/ramonoliveira/catkin_ws/build/CMakeFiles/CMakeTmp'
/usr/bin/cmake -E cmake_progress_report /home/ramonoliveira/catkin_ws/build/CMakeFiles/CMakeTmp/CMakeFiles 1
Building CXX object CMakeFiles/cmTryCompileExec723602049.dir/CheckSymbolExists.cxx.o
/usr/bin/c++    -I/usr/include/qt4    -o CMakeFiles/cmTryCompileExec723602049.dir/CheckSymbolExists.cxx.o -c /home/ramonoliveira/catkin_ws/build/CMakeFiles/CMakeTmp/CheckSymbolExists.cxx
/home/ramonoliveira/catkin_ws/build/CMakeFiles/CMakeTmp/CheckSymbolExists.cxx: In function ‘int main(int, char**)’:
/home/ramonoliveira/catkin_ws/build/CMakeFiles/CMakeTmp/CheckSymbolExists.cxx:8:19: error: ‘Q_WS_WIN’ was not declared in this scope
   return ((int*)(&Q_WS_WIN))[argc];
                   ^
make[1]: Saindo do diretório `/home/ramonoliveira/catkin_ws/build/CMakeFiles/CMakeTmp'
make[1]: ** [CMakeFiles/cmTryCompileExec723602049.dir/CheckSymbolExists.cxx.o] Erro 1
make: ** [cmTryCompileExec723602049/fast] Erro 2

File /home/ramonoliveira/catkin_ws/build/CMakeFiles/CMakeTmp/CheckSymbolExists.cxx:
/* */
#include <QtCore/qglobal.h>

int main(int argc, char** argv)
{
  (void)argv;
#ifndef Q_WS_WIN
  return ((int*)(&Q_WS_WIN))[argc];
#else
  (void)argc;
  return 0;
#endif
}

Determining if the Q_WS_QWS exist failed with the following output:
Change Dir: /home/ramonoliveira/catkin_ws/build/CMakeFiles/CMakeTmp

Run Build Command:/usr/bin/make "cmTryCompileExec700833651/fast"
/usr/bin/make -f CMakeFiles/cmTryCompileExec700833651.dir/build.make CMakeFiles/cmTryCompileExec700833651.dir/build
make[1]: Entrando no diretório `/home/ramonoliveira/catkin_ws/build/CMakeFiles/CMakeTmp'
/usr/bin/cmake -E cmake_progress_report /home/ramonoliveira/catkin_ws/build/CMakeFiles/CMakeTmp/CMakeFiles 1
Building CXX object CMakeFiles/cmTryCompileExec700833651.dir/CheckSymbolExists.cxx.o
/usr/bin/c++    -I/usr/include/qt4    -o CMakeFiles/cmTryCompileExec700833651.dir/CheckSymbolExists.cxx.o -c /home/ramonoliveira/catkin_ws/build/CMakeFiles/CMakeTmp/CheckSymbolExists.cxx
/home/ramonoliveira/catkin_ws/build/CMakeFiles/CMakeTmp/CheckSymbolExists.cxx: In function ‘int main(int, char**)’:
/home/ramonoliveira/catkin_ws/build/CMakeFiles/CMakeTmp/CheckSymbolExists.cxx:8:19: error: ‘Q_WS_QWS’ was not declared in this scope
   return ((int*)(&Q_WS_QWS))[argc];
                   ^
make[1]: ** [CMakeFiles/cmTryCompileExec700833651.dir/CheckSymbolExists.cxx.o] Erro 1
make[1]: Saindo do diretório `/home/ramonoliveira/catkin_ws/build/CMakeFiles/CMakeTmp'
make: ** [cmTryCompileExec700833651/fast] Erro 2

File /home/ramonoliveira/catkin_ws/build/CMakeFiles/CMakeTmp/CheckSymbolExists.cxx:
/* */
#include <QtCore/qglobal.h>

int main(int argc, char** argv)
{
  (void)argv;
#ifndef Q_WS_QWS
  return ((int*)(&Q_WS_QWS))[argc];
#else
  (void)argc;
  return 0;
#endif
}

Determining if the Q_WS_MAC exist failed with the following output:
Change Dir: /home/ramonoliveira/catkin_ws/build/CMakeFiles/CMakeTmp

Run Build Command:/usr/bin/make "cmTryCompileExec2674409712/fast"
/usr/bin/make -f CMakeFiles/cmTryCompileExec2674409712.dir/build.make CMakeFiles/cmTryCompileExec2674409712.dir/build
make[1]: Entrando no diretório `/home/ramonoliveira/catkin_ws/build/CMakeFiles/CMakeTmp'
/usr/bin/cmake -E cmake_progress_report /home/ramonoliveira/catkin_ws/build/CMakeFiles/CMakeTmp/CMakeFiles 1
Building CXX object CMakeFiles/cmTryCompileExec2674409712.dir/CheckSymbolExists.cxx.o
/usr/bin/c++    -I/usr/include/qt4    -o CMakeFiles/cmTryCompileExec2674409712.dir/CheckSymbolExists.cxx.o -c /home/ramonoliveira/catkin_ws/build/CMakeFiles/CMakeTmp/CheckSymbolExists.cxx
/home/ramonoliveira/catkin_ws/build/CMakeFiles/CMakeTmp/CheckSymbolExists.cxx: In function ‘int main(int, char**)’:
/home/ramonoliveira/catkin_ws/build/CMakeFiles/CMakeTmp/CheckSymbolExists.cxx:8:19: error: ‘Q_WS_MAC’ was not declared in this scope
   return ((int*)(&Q_WS_MAC))[argc];
                   ^
make[1]: ** [CMakeFiles/cmTryCompileExec2674409712.dir/CheckSymbolExists.cxx.o] Erro 1
make[1]: Saindo do diretório `/home/ramonoliveira/catkin_ws/build/CMakeFiles/CMakeTmp'
make: ** [cmTryCompileExec2674409712/fast] Erro 2

File /home/ramonoliveira/catkin_ws/build/CMakeFiles/CMakeTmp/CheckSymbolExists.cxx:
/* */
#include <QtCore/qglobal.h>

int main(int argc, char** argv)
{
  (void)argv;
#ifndef Q_WS_MAC
  return ((int*)(&Q_WS_MAC))[argc];
#else
  (void)argc;
  return 0;
#endif
}

